<?xml version="1.0" encoding="UTF-8"?>
<!-- Generated by org.testng.reporters.JUnitXMLReporter -->
<testsuite ignored="0" hostname="DESKTOP-SL7JA35" failures="0" tests="3" name="Test" time="3.637" errors="0" timestamp="2024-06-19T09:55:42 AEST">
  <testcase classname="tests.PositiveAndNegative_7" name="callGetTokenAPINegative" time="2.296"/>
  <testcase classname="tests.PositiveAndNegative_7" name="callGetTokenAPINegative" time="0.558"/>
  <testcase classname="tests.PositiveAndNegative_7" name="callGetTokenAPIPositive" time="0.582"/>
</testsuite> <!-- Test -->
