<?xml version="1.0" encoding="UTF-8"?>
<testsuite xmlns:xsi="http://www.w3.org/2001/XMLSchema-instance" xsi:noNamespaceSchemaLocation="https://maven.apache.org/surefire/maven-surefire-plugin/xsd/surefire-test-report.xsd" version="3.0.1" name="TestSuite" time="4.449" tests="3" errors="0" skipped="0" failures="0">
  <properties>
[...]
</properties>
  <testcase name="callGetTokenAPINegative[{client_secret=invalid, grant_type=client_credentials, client_id=692183103107-p0m7ent2hk7suguv4vq22hjcfhcr43pj.apps.googleusercontent.com, scope=trust}](1)" classname="tests.PositiveAndNegative_7" time="2.269">
    <system-out><![CDATA[Request method:	POST
Request URI:	https://rahulshettyacademy.com/oauthapi/oauth2/resourceOwner/token
Proxy:			<none>
Request params:	<none>
Query params:	<none>
Form params:	grant_type=client_credentials
				scope=trust
				client_secret=invalid
				client_id=692183103107-p0m7ent2hk7suguv4vq22hjcfhcr43pj.apps.googleusercontent.com
Path params:	<none>
Headers:		Accept=*/*
				Content-Type=application/x-www-form-urlencoded; charset=ISO-8859-1
Cookies:		<none>
Multiparts:		<none>
Body:			<none>
HTTP/1.1 401 Unauthorized
Date: Wed, 19 Jun 2024 01:17:20 GMT
Server: Apache/2.4.52 (Ubuntu)
Content-Length: 84
Keep-Alive: timeout=5, max=100
Connection: Keep-Alive
Content-Type: application/json

{
    "error": "erZOWM9g3UtwNRj340YYaK_W",
    "status": "failed",
    "msg": "Authentication failed"
}
]]></system-out>
    <system-err><![CDATA[SLF4J: Failed to load class "org.slf4j.impl.StaticLoggerBinder".
SLF4J: Defaulting to no-operation (NOP) logger implementation
SLF4J: See http://www.slf4j.org/codes.html#StaticLoggerBinder for further details.
]]></system-err>
  </testcase>
  <testcase name="callGetTokenAPINegative[{client_secret=invalid, grant_type=client_credentials, client_id=invalid, scope=trust}](2)" classname="tests.PositiveAndNegative_7" time="0.561">
    <system-out><![CDATA[Request method:	POST
Request URI:	https://rahulshettyacademy.com/oauthapi/oauth2/resourceOwner/token
Proxy:			<none>
Request params:	<none>
Query params:	<none>
Form params:	grant_type=client_credentials
				scope=trust
				client_secret=invalid
				client_id=invalid
Path params:	<none>
Headers:		Accept=*/*
				Content-Type=application/x-www-form-urlencoded; charset=ISO-8859-1
Cookies:		<none>
Multiparts:		<none>
Body:			<none>
HTTP/1.1 401 Unauthorized
Date: Wed, 19 Jun 2024 01:17:21 GMT
Server: Apache/2.4.52 (Ubuntu)
Content-Length: 84
Keep-Alive: timeout=5, max=100
Connection: Keep-Alive
Content-Type: application/json

{
    "error": "erZOWM9g3UtwNRj340YYaK_W",
    "status": "failed",
    "msg": "Authentication failed"
}
]]></system-out>
  </testcase>
  <testcase name="callGetTokenAPIPositive[{client_secret=erZOWM9g3UtwNRj340YYaK_W, grant_type=client_credentials, client_id=692183103107-p0m7ent2hk7suguv4vq22hjcfhcr43pj.apps.googleusercontent.com, scope=trust}](1)" classname="tests.PositiveAndNegative_7" time="0.553">
    <system-out><![CDATA[Request method:	POST
Request URI:	https://rahulshettyacademy.com/oauthapi/oauth2/resourceOwner/token
Proxy:			<none>
Request params:	<none>
Query params:	<none>
Form params:	grant_type=client_credentials
				scope=trust
				client_secret=erZOWM9g3UtwNRj340YYaK_W
				client_id=692183103107-p0m7ent2hk7suguv4vq22hjcfhcr43pj.apps.googleusercontent.com
Path params:	<none>
Headers:		Accept=*/*
				Content-Type=application/x-www-form-urlencoded; charset=ISO-8859-1
Cookies:		<none>
Multiparts:		<none>
Body:			<none>
HTTP/1.1 200 OK
Date: Wed, 19 Jun 2024 01:17:21 GMT
Server: Apache/2.4.52 (Ubuntu)
Content-Length: 143
Keep-Alive: timeout=5, max=100
Connection: Keep-Alive
Content-Type: application/json

{
    "access_token": "VI1P8722pPXCU7GFt2Pakg==",
    "token_type": "Bearer",
    "expires_in": 3600,
    "refresh_token": "y0KWRME3yRho4HcpPi0dxQ==",
    "scope": "create"
}
]]></system-out>
  </testcase>
</testsuite>